<?xml version="1.0" encoding="UTF-8"?>
<!-- Generated by org.testng.reporters.JUnitXMLReporter -->
<testsuite hostname="Betuls-Air.attlocal.net" ignored="0" name="Add Employee" tests="1" failures="1" timestamp="2020-01-15T14:12:04 CST" time="4.473" errors="0">
  <testcase name="logoAndLOgin" time="2.069" classname="com.class02.SoftAssertions">
    <failure type="java.lang.AssertionError" message="The following asserts failed:
	Logo is NOT displayed did not expect to find [true] but found [false]">
      <![CDATA[java.lang.AssertionError: The following asserts failed:
Logo is NOT displayed did not expect to find [true] but found [false]
at com.class02.SoftAssertions.logoAndLOgin(SoftAssertions.java:40)
at java.util.ArrayList.forEach(ArrayList.java:1257)
... Removed 29 stack frames]]>
    </failure>
  </testcase> <!-- logoAndLOgin -->
</testsuite> <!-- Add Employee -->
