<?xml version="1.0" encoding="UTF-8"?>
<!-- Generated by org.testng.reporters.JUnitXMLReporter -->
<testsuite hostname="Betuls-Air.attlocal.net" ignored="1" name="Login Test" tests="5" failures="1" timestamp="2020-01-15T14:12:00 CST" time="27.335" errors="0">
  <testcase name="titleValidation" time="0.046" classname="com.class02.AssertionsDemo">
    <failure type="java.lang.AssertionError" message="Titles are NOT matched expected [Human Management Systems] but found [Human Management System]">
      <![CDATA[java.lang.AssertionError: Titles are NOT matched expected [Human Management Systems] but found [Human Management System]
at com.class02.AssertionsDemo.titleValidation(AssertionsDemo.java:19)
at java.util.ArrayList.forEach(ArrayList.java:1257)
... Removed 31 stack frames]]>
    </failure>
  </testcase> <!-- titleValidation -->
  <testcase name="LogoValidation" time="0.076" classname="com.class01.TitleLogoAndLoginVerification"/>
  <testcase name="titleVAlidation" time="0.014" classname="com.class01.TitleLogoAndLoginVerification"/>
  <testcase name="validLogin" time="3.825" classname="com.class01.TitleLogoAndLoginVerification"/>
  <testcase name="verifyLabel" time="5.028" classname="com.class02.Task"/>
  <testcase name="logoValidation" time="0.0" classname="com.class02.AssertionsDemo">
    <ignored/>
  </testcase> <!-- logoValidation -->
</testsuite> <!-- Login Test -->
